<?xml version="1.0" encoding="UTF-8"?>
<!-- Generated by org.testng.reporters.JUnitReportReporter -->
<testsuite hostname="RK" failures="0" tests="1" name="TestClasses.EndVisitTest" time="33.516" errors="0" timestamp="2025-05-07T21:58:28 IST" skipped="0">
  <testcase classname="TestClasses.EndVisitTest" name="endVisit" time="33.516"/>
  <system-out>
    <![CDATA[Test has been started
Test case is passed]]>
  </system-out>
</testsuite> <!-- TestClasses.EndVisitTest -->
