<?xml version="1.0" encoding="UTF-8"?>
<!-- Generated by org.testng.reporters.JUnitReportReporter -->
<testsuite hostname="RK" failures="0" tests="1" name="TestClasses.AddConditionTest" time="28.556" errors="0" timestamp="2025-05-09T11:59:37 IST" skipped="0">
  <testcase classname="TestClasses.AddConditionTest" name="addCondition" time="28.556"/>
  <system-out>
    <![CDATA[Test has been started
Test case is passed]]>
  </system-out>
</testsuite> <!-- TestClasses.AddConditionTest -->
