<?xml version="1.0" encoding="UTF-8"?>
<!-- Generated by org.testng.reporters.JUnitReportReporter -->
<testsuite hostname="RK" failures="0" tests="1" name="TestClasses.AddPatVitalsTest" time="24.845" errors="0" timestamp="2025-05-07T21:58:28 IST" skipped="0">
  <testcase classname="TestClasses.AddPatVitalsTest" name="addPatVitals" time="24.845"/>
  <system-out>
    <![CDATA[Test has been started
Test case is passed]]>
  </system-out>
</testsuite> <!-- TestClasses.AddPatVitalsTest -->
