<?xml version="1.0" encoding="UTF-8"?>
<!-- Generated by org.testng.reporters.JUnitReportReporter -->
<testsuite hostname="RK" failures="0" tests="1" name="TestClasses.EndVisitTest" time="32.207" errors="0" timestamp="2025-05-08T08:42:41 IST" skipped="0">
  <testcase classname="TestClasses.EndVisitTest" name="endVisit" time="32.207"/>
  <system-out>
    <![CDATA[Test has been started
Test case is passed]]>
  </system-out>
</testsuite> <!-- TestClasses.EndVisitTest -->
