<?xml version="1.0" encoding="UTF-8"?>
<!-- Generated by org.testng.reporters.JUnitReportReporter -->
<testsuite hostname="RK" failures="0" tests="1" name="TestClasses.RegisterPatientTest" time="45.541" errors="0" timestamp="2025-05-04T10:15:30 IST" skipped="0">
  <testcase classname="TestClasses.RegisterPatientTest" name="addPatient" time="45.541"/>
  <system-out>
    <![CDATA[Test has been started
Test case is passed]]>
  </system-out>
</testsuite> <!-- TestClasses.RegisterPatientTest -->
