<?xml version="1.0" encoding="UTF-8"?>
<!-- Generated by org.testng.reporters.JUnitReportReporter -->
<testsuite hostname="RK" failures="0" tests="2" name="TestClasses.AddPatVitalsTest" time="98.953" errors="0" timestamp="2025-05-08T08:42:41 IST" skipped="1">
  <testcase classname="TestClasses.AddPatVitalsTest" name="addPatVitals" time="46.355"/>
  <system-out>
    <![CDATA[Test has been started
Test case is passed]]>
  </system-out>
  <testcase classname="TestClasses.AddPatVitalsTest" name="addPatVitals" time="52.598">
    <skipped/>
  </testcase> <!-- addPatVitals -->
  <system-out>
    <![CDATA[Test has been started
Test case is skipped]]>
  </system-out>
</testsuite> <!-- TestClasses.AddPatVitalsTest -->
